18.03.2024 07:30:14 - DEBUG:Export VBA Files To VSCode Start
18.03.2024 07:30:15 - DEBUG:EXPORTING CLASS MODULES:ThisWorkbook.cls Type: 100 - ThisWorkbook
18.03.2024 07:30:15 - DEBUG:EXPORTING CLASS MODULES:Sheet1.cls Type: 100 - Sheet1
18.03.2024 07:30:15 - DEBUG:EXPORTING CLASS MODULES:Xdebug.cls Type: 2 - Xdebug
18.03.2024 07:30:15 - DEBUG:EXPORTING MODULES:Module1.bas Type: 1 - Module1
18.03.2024 07:30:15 - DEBUG:EXPORTING MODULES:AL_CustomLibrary.bas Type: 1 - AL_CustomLibrary
18.03.2024 07:30:15 - DEBUG:EXPORTING MODULES:AL_Classes.bas Type: 1 - AL_Classes
18.03.2024 07:30:15 - DEBUG:EXPORTING MODULES:AL_Char.bas Type: 1 - AL_Char
18.03.2024 07:30:15 - DEBUG:EXPORTING MODULES:AL_Point.bas Type: 1 - AL_Point
18.03.2024 07:30:15 - DEBUG:EXPORTING MODULES:AL_String.bas Type: 1 - AL_String
18.03.2024 07:30:16 - DEBUG:EXPORTING MODULES:AL_Vertex.bas Type: 1 - AL_Vertex
18.03.2024 07:30:16 - DEBUG:EXPORTING MODULES:AL_Error.bas Type: 1 - AL_Error
18.03.2024 07:30:16 - DEBUG:EXPORTING MODULES:AL_ErrorCreateError.bas Type: 1 - AL_ErrorCreateError
18.03.2024 07:30:16 - DEBUG:EXPORTING MODULES:AL_Functions.bas Type: 1 - AL_Functions
18.03.2024 07:30:16 - DEBUG:EXPORTING MODULES:AL_Math.bas Type: 1 - AL_Math
18.03.2024 07:30:16 - DEBUG:EXPORTING MODULES:AL_UI.bas Type: 1 - AL_UI
18.03.2024 07:30:16 - DEBUG:EXPORTING MODULES:AL_Update.bas Type: 1 - AL_Update
18.03.2024 07:30:16 - DEBUG:EXPORTING MODULES:AL_Include.bas Type: 1 - AL_Include
18.03.2024 07:30:16 - DEBUG:Export VBA Files To VSCode Finish
18.03.2024 08:14:40 - DEBUG:Export VBA Files To VSCode Start
18.03.2024 08:14:40 - DEBUG:EXPORTING CLASS MODULES:ThisWorkbook.cls Type: 100 - ThisWorkbook
18.03.2024 08:14:40 - DEBUG:EXPORTING CLASS MODULES:Sheet1.cls Type: 100 - Sheet1
18.03.2024 08:14:40 - DEBUG:EXPORTING CLASS MODULES:Xdebug.cls Type: 2 - Xdebug
18.03.2024 08:14:40 - DEBUG:EXPORTING MODULES:Module1.bas Type: 1 - Module1
18.03.2024 08:14:40 - DEBUG:EXPORTING CLASS MODULES:Sheet2.cls Type: 100 - Sheet2
18.03.2024 08:14:40 - DEBUG:EXPORTING MODULES:AL_CustomLibrary.bas Type: 1 - AL_CustomLibrary
18.03.2024 08:14:40 - DEBUG:EXPORTING CLASS MODULES:AL_Classes.cls Type: 2 - AL_Classes
18.03.2024 08:14:41 - DEBUG:EXPORTING CLASS MODULES:AL_Char.cls Type: 2 - AL_Char
18.03.2024 08:14:41 - DEBUG:EXPORTING CLASS MODULES:AL_Point.cls Type: 2 - AL_Point
18.03.2024 08:14:41 - DEBUG:EXPORTING CLASS MODULES:AL_String.cls Type: 2 - AL_String
18.03.2024 08:14:41 - DEBUG:EXPORTING CLASS MODULES:AL_Vertex.cls Type: 2 - AL_Vertex
18.03.2024 08:14:41 - DEBUG:EXPORTING MODULES:AL_Modules.bas Type: 1 - AL_Modules
18.03.2024 08:14:41 - DEBUG:EXPORTING MODULES:AL_Error.bas Type: 1 - AL_Error
18.03.2024 08:14:41 - DEBUG:EXPORTING MODULES:AL_ErrorCreateError.bas Type: 1 - AL_ErrorCreateError
18.03.2024 08:14:41 - DEBUG:EXPORTING MODULES:AL_Functions.bas Type: 1 - AL_Functions
18.03.2024 08:14:42 - DEBUG:EXPORTING MODULES:AL_Math.bas Type: 1 - AL_Math
18.03.2024 08:14:42 - DEBUG:EXPORTING MODULES:AL_UI.bas Type: 1 - AL_UI
18.03.2024 08:14:42 - DEBUG:EXPORTING MODULES:AL_Include.bas Type: 1 - AL_Include
18.03.2024 08:14:42 - DEBUG:EXPORTING MODULES:AL_Update.bas Type: 1 - AL_Update
18.03.2024 08:14:42 - DEBUG:EXPORTING FORM MODULES:UserForm1.frmType: 3 - UserForm1
18.03.2024 08:14:42 - DEBUG:Export VBA Files To VSCode Finish
21.03.2024 17:00:03 - DEBUG:Export VBA Files To VSCode Start
21.03.2024 17:00:03 - DEBUG:EXPORTING CLASS MODULES:ThisWorkbook.cls Type: 100 - ThisWorkbook
21.03.2024 17:00:03 - DEBUG:EXPORTING CLASS MODULES:Sheet1.cls Type: 100 - Sheet1
21.03.2024 17:00:03 - DEBUG:EXPORTING CLASS MODULES:Xdebug.cls Type: 2 - Xdebug
21.03.2024 17:00:03 - DEBUG:EXPORTING MODULES:Module1.bas Type: 1 - Module1
21.03.2024 17:00:03 - DEBUG:EXPORTING CLASS MODULES:Sheet2.cls Type: 100 - Sheet2
21.03.2024 17:00:03 - DEBUG:EXPORTING MODULES:AL_CustomLibrary.bas Type: 1 - AL_CustomLibrary
21.03.2024 17:00:03 - DEBUG:EXPORTING CLASS MODULES:AL_Classes.cls Type: 2 - AL_Classes
21.03.2024 17:00:04 - DEBUG:EXPORTING CLASS MODULES:AL_Char.cls Type: 2 - AL_Char
21.03.2024 17:00:04 - DEBUG:EXPORTING CLASS MODULES:AL_Point.cls Type: 2 - AL_Point
21.03.2024 17:00:04 - DEBUG:EXPORTING CLASS MODULES:AL_String.cls Type: 2 - AL_String
21.03.2024 17:00:04 - DEBUG:EXPORTING CLASS MODULES:AL_Vertex.cls Type: 2 - AL_Vertex
21.03.2024 17:00:04 - DEBUG:EXPORTING MODULES:AL_Modules.bas Type: 1 - AL_Modules
21.03.2024 17:00:04 - DEBUG:EXPORTING MODULES:AL_Error.bas Type: 1 - AL_Error
21.03.2024 17:00:04 - DEBUG:EXPORTING MODULES:AL_ErrorCreateError.bas Type: 1 - AL_ErrorCreateError
21.03.2024 17:00:04 - DEBUG:EXPORTING MODULES:AL_Functions.bas Type: 1 - AL_Functions
21.03.2024 17:00:04 - DEBUG:EXPORTING MODULES:AL_Math.bas Type: 1 - AL_Math
21.03.2024 17:00:04 - DEBUG:EXPORTING MODULES:AL_UI.bas Type: 1 - AL_UI
21.03.2024 17:00:05 - DEBUG:EXPORTING MODULES:AL_Include.bas Type: 1 - AL_Include
21.03.2024 17:00:05 - DEBUG:EXPORTING MODULES:AL_Update.bas Type: 1 - AL_Update
21.03.2024 17:00:05 - DEBUG:EXPORTING FORM MODULES:UserForm1.frmType: 3 - UserForm1
21.03.2024 17:00:05 - DEBUG:EXPORTING MODULES:Module2.bas Type: 1 - Module2
21.03.2024 17:00:05 - DEBUG:EXPORTING MODULES:Module3.bas Type: 1 - Module3
21.03.2024 17:00:05 - DEBUG:EXPORTING CLASS MODULES:AL_Node.cls Type: 2 - AL_Node
21.03.2024 17:00:05 - DEBUG:Export VBA Files To VSCode Finish
